<?xml version="1.0" encoding="UTF-8"?>
<!-- Generated by org.testng.reporters.JUnitReportReporter -->
<testsuite hostname="DESKTOP-B2QSJ40" failures="0" tests="1" name="com.in28minutes.webdriver.basics.WebDriverBasicsLocatorsPerformanceTest" time="5.784" errors="0" timestamp="2022-02-18T17:46:52 EET" skipped="0">
  <testcase classname="com.in28minutes.webdriver.basics.WebDriverBasicsLocatorsPerformanceTest" name="testCssSelectorForMultipleTableId" time="5.784"/>
  <system-out/>
</testsuite> <!-- com.in28minutes.webdriver.basics.WebDriverBasicsLocatorsPerformanceTest -->
