<?xml version="1.0" encoding="UTF-8"?>
<!-- Generated by org.testng.reporters.JUnitReportReporter -->
<testsuite hostname="DESKTOP-B2QSJ40" failures="0" tests="1" name="com.in28minutes.webdriver.basics.form.FormElementSelectTest" time="1.271" errors="0" timestamp="2022-12-20T19:55:34 EET" skipped="0">
  <testcase classname="com.in28minutes.webdriver.basics.form.FormElementSelectTest" name="readValueOfSelectBox" time="1.271"/>
  <system-out/>
</testsuite> <!-- com.in28minutes.webdriver.basics.form.FormElementSelectTest -->
