<?xml version="1.0" encoding="UTF-8"?>
<!-- Generated by org.testng.reporters.JUnitReportReporter -->
<testsuite hostname="DESKTOP-B2QSJ40" failures="0" tests="1" name="com.in28minutes.webdriver.basics.form.FormElementTextTest" time="2.173" errors="0" timestamp="2022-02-18T17:45:43 EET" skipped="0">
  <testcase classname="com.in28minutes.webdriver.basics.form.FormElementTextTest" name="writeAndReadValueFromTextArea2" time="2.173"/>
  <system-out/>
</testsuite> <!-- com.in28minutes.webdriver.basics.form.FormElementTextTest -->
