<?xml version="1.0" encoding="UTF-8"?>
<!-- Generated by org.testng.reporters.JUnitReportReporter -->
<testsuite hostname="DESKTOP-B2QSJ40" failures="0" tests="1" name="com.in28minutes.webdriver.basics.WebDriverBasicsLocatorsWithXPathSelectorTest" time="3.715" errors="0" timestamp="2022-02-16T20:58:18 EET" skipped="0">
  <testcase classname="com.in28minutes.webdriver.basics.WebDriverBasicsLocatorsWithXPathSelectorTest" name="testXPathSelectorForSortingAndCheckingFirstRow" time="3.715"/>
  <system-out/>
</testsuite> <!-- com.in28minutes.webdriver.basics.WebDriverBasicsLocatorsWithXPathSelectorTest -->
