<?xml version="1.0" encoding="UTF-8"?>
<!-- Generated by org.testng.reporters.JUnitReportReporter -->
<testsuite hostname="DESKTOP-B2QSJ40" failures="0" tests="2" name="com.in28minutes.webdriver.basics.WebDriverBasicsLocatorsWithClassTest" time="2.687" errors="0" timestamp="2022-02-15T20:50:48 EET" skipped="0">
  <testcase classname="com.in28minutes.webdriver.basics.WebDriverBasicsLocatorsWithClassTest" name="testClassElement" time="1.719"/>
  <system-out/>
  <testcase classname="com.in28minutes.webdriver.basics.WebDriverBasicsLocatorsWithClassTest" name="testGetInformationAboutClass" time="0.968"/>
  <system-out/>
</testsuite> <!-- com.in28minutes.webdriver.basics.WebDriverBasicsLocatorsWithClassTest -->
