<?xml version="1.0" encoding="UTF-8"?>
<!-- Generated by org.testng.reporters.JUnitReportReporter -->
<testsuite hostname="DESKTOP-B2QSJ40" failures="0" tests="3" name="com.in28minutes.webdriver.basics.WebDriverBasicsLocatorsWithNameTest" time="4.168" errors="0" timestamp="2022-02-09T16:21:05 EET" skipped="0">
  <testcase classname="com.in28minutes.webdriver.basics.WebDriverBasicsLocatorsWithNameTest" name="testGetInformationAboutSubmitButton" time="0.882"/>
  <system-out/>
  <testcase classname="com.in28minutes.webdriver.basics.WebDriverBasicsLocatorsWithNameTest" name="testGetInformationAboutName" time="2.483"/>
  <system-out/>
  <testcase classname="com.in28minutes.webdriver.basics.WebDriverBasicsLocatorsWithNameTest" name="testGetInformationAboutPassword" time="0.803"/>
  <system-out/>
</testsuite> <!-- com.in28minutes.webdriver.basics.WebDriverBasicsLocatorsWithNameTest -->
