<?xml version="1.0" encoding="UTF-8"?>
<!-- Generated by org.testng.reporters.JUnitReportReporter -->
<testsuite hostname="DESKTOP-B2QSJ40" failures="0" tests="1" name="com.in28minutes.webdriver.basics.WebDriverBasicsLocatorsWithTagTest" time="100.149" errors="0" timestamp="2022-02-17T16:02:38 EET" skipped="0">
  <testcase classname="com.in28minutes.webdriver.basics.WebDriverBasicsLocatorsWithTagTest" name="getDetailsAboutATag" time="100.149"/>
  <system-out/>
</testsuite> <!-- com.in28minutes.webdriver.basics.WebDriverBasicsLocatorsWithTagTest -->
