<?xml version="1.0" encoding="UTF-8"?>
<!-- Generated by org.testng.reporters.JUnitReportReporter -->
<testsuite hostname="DESKTOP-B2QSJ40" failures="0" tests="2" name="com.in28minutes.webdriver.basics.form.ReadFromACheckbox" time="4.886" errors="0" timestamp="2022-02-21T18:34:57 EET" skipped="0">
  <testcase classname="com.in28minutes.webdriver.basics.form.ReadFromACheckbox" name="readFromACheckbox" time="0.659"/>
  <system-out/>
  <testcase classname="com.in28minutes.webdriver.basics.form.ReadFromACheckbox" name="checkACheckBox" time="4.227"/>
  <system-out/>
</testsuite> <!-- com.in28minutes.webdriver.basics.form.ReadFromACheckbox -->
