<?xml version="1.0" encoding="UTF-8"?>
<!-- Generated by org.testng.reporters.JUnitReportReporter -->
<testsuite hostname="DESKTOP-B2QSJ40" failures="0" tests="3" name="com.in28minutes.webdriver.basics.WebDriverBasicsLocatorsTest" time="4.086" errors="0" timestamp="2022-02-07T15:36:46 EET" skipped="0">
  <testcase classname="com.in28minutes.webdriver.basics.WebDriverBasicsLocatorsTest" name="testGetInformationAboutSubmitButton" time="1.320"/>
  <system-out/>
  <testcase classname="com.in28minutes.webdriver.basics.WebDriverBasicsLocatorsTest" name="testGetInformationAboutName" time="1.818"/>
  <system-out/>
  <testcase classname="com.in28minutes.webdriver.basics.WebDriverBasicsLocatorsTest" name="testGetInformationAboutPassword" time="0.948"/>
  <system-out/>
</testsuite> <!-- com.in28minutes.webdriver.basics.WebDriverBasicsLocatorsTest -->
