<?xml version="1.0" encoding="UTF-8"?>
<!-- Generated by org.testng.reporters.JUnitReportReporter -->
<testsuite hostname="DESKTOP-B2QSJ40" failures="0" tests="3" name="com.in28minutes.webdriver.basics.WebDriverBasicsLocatorsWithIdTest" time="4.041" errors="0" timestamp="2022-02-09T16:22:23 EET" skipped="0">
  <testcase classname="com.in28minutes.webdriver.basics.WebDriverBasicsLocatorsWithIdTest" name="testGetInformationAboutSubmitButton" time="0.850"/>
  <system-out/>
  <testcase classname="com.in28minutes.webdriver.basics.WebDriverBasicsLocatorsWithIdTest" name="testGetInformationAboutId" time="2.207"/>
  <system-out/>
  <testcase classname="com.in28minutes.webdriver.basics.WebDriverBasicsLocatorsWithIdTest" name="testGetInformationAboutPassword" time="0.984"/>
  <system-out/>
</testsuite> <!-- com.in28minutes.webdriver.basics.WebDriverBasicsLocatorsWithIdTest -->
